{"C:\\Users\\karwo\\Desktop\\pdev\\prgoramowanie\\portfolio\\reactivexd\\src\\EvenEmmiter.ts": {"path":"C:\\Users\\karwo\\Desktop\\pdev\\prgoramowanie\\portfolio\\reactivexd\\src\\EvenEmmiter.ts","statementMap":{"0":{"start":{"line":5,"column":21},"end":{"line":5,"column":42}},"1":{"start":{"line":8,"column":8},"end":{"line":10,"column":null}},"2":{"start":{"line":9,"column":12},"end":{"line":9,"column":36}},"3":{"start":{"line":12,"column":8},"end":{"line":12,"column":42}},"4":{"start":{"line":13,"column":8},"end":{"line":13,"column":58}},"5":{"start":{"line":13,"column":21},"end":{"line":13,"column":57}},"6":{"start":{"line":17,"column":8},"end":{"line":19,"column":null}},"7":{"start":{"line":18,"column":12},"end":{"line":18,"column":19}},"8":{"start":{"line":21,"column":28},"end":{"line":21,"column":64}},"9":{"start":{"line":22,"column":8},"end":{"line":24,"column":null}},"10":{"start":{"line":23,"column":12},"end":{"line":23,"column":46}},"11":{"start":{"line":28,"column":8},"end":{"line":30,"column":10}},"12":{"start":{"line":29,"column":12},"end":{"line":29,"column":67}},"13":{"start":{"line":34,"column":8},"end":{"line":36,"column":null}},"14":{"start":{"line":35,"column":12},"end":{"line":35,"column":19}},"15":{"start":{"line":38,"column":8},"end":{"line":38,"column":82}},"16":{"start":{"line":38,"column":54},"end":{"line":38,"column":80}},"17":{"start":{"line":42,"column":37},"end":{"line":45,"column":10}},"18":{"start":{"line":43,"column":12},"end":{"line":43,"column":21}},"19":{"start":{"line":44,"column":12},"end":{"line":44,"column":39}},"20":{"start":{"line":47,"column":8},"end":{"line":47,"column":22}},"21":{"start":{"line":4,"column":0},"end":{"line":4,"column":13}}},"fnMap":{"0":{"name":"(anonymous_0)","decl":{"start":{"line":4,"column":0},"end":{"line":4,"column":13}},"loc":{"start":{"line":4,"column":0},"end":{"line":49,"column":1}}},"1":{"name":"(anonymous_1)","decl":{"start":{"line":7,"column":11},"end":{"line":7,"column":13}},"loc":{"start":{"line":7,"column":47},"end":{"line":14,"column":5}}},"2":{"name":"(anonymous_2)","decl":{"start":{"line":13,"column":15},"end":{"line":13,"column":18}},"loc":{"start":{"line":13,"column":21},"end":{"line":13,"column":57}}},"3":{"name":"(anonymous_3)","decl":{"start":{"line":16,"column":11},"end":{"line":16,"column":25}},"loc":{"start":{"line":16,"column":59},"end":{"line":25,"column":5}}},"4":{"name":"(anonymous_4)","decl":{"start":{"line":27,"column":11},"end":{"line":27,"column":29}},"loc":{"start":{"line":27,"column":29},"end":{"line":31,"column":5}}},"5":{"name":"(anonymous_5)","decl":{"start":{"line":28,"column":41},"end":{"line":28,"column":42}},"loc":{"start":{"line":29,"column":12},"end":{"line":29,"column":67}}},"6":{"name":"(anonymous_6)","decl":{"start":{"line":33,"column":11},"end":{"line":33,"column":15}},"loc":{"start":{"line":33,"column":45},"end":{"line":39,"column":5}}},"7":{"name":"(anonymous_7)","decl":{"start":{"line":38,"column":40},"end":{"line":38,"column":41}},"loc":{"start":{"line":38,"column":54},"end":{"line":38,"column":80}}},"8":{"name":"(anonymous_8)","decl":{"start":{"line":41,"column":11},"end":{"line":41,"column":15}},"loc":{"start":{"line":41,"column":49},"end":{"line":48,"column":5}}},"9":{"name":"(anonymous_9)","decl":{"start":{"line":42,"column":52},"end":{"line":42,"column":53}},"loc":{"start":{"line":42,"column":71},"end":{"line":45,"column":9}}}},"branchMap":{"0":{"loc":{"start":{"line":8,"column":8},"end":{"line":10,"column":null}},"type":"if","locations":[{"start":{"line":8,"column":8},"end":{"line":10,"column":null}},{"start":{"line":8,"column":8},"end":{"line":10,"column":null}}]},"1":{"loc":{"start":{"line":17,"column":8},"end":{"line":19,"column":null}},"type":"if","locations":[{"start":{"line":17,"column":8},"end":{"line":19,"column":null}},{"start":{"line":17,"column":8},"end":{"line":19,"column":null}}]},"2":{"loc":{"start":{"line":22,"column":8},"end":{"line":24,"column":null}},"type":"if","locations":[{"start":{"line":22,"column":8},"end":{"line":24,"column":null}},{"start":{"line":22,"column":8},"end":{"line":24,"column":null}}]},"3":{"loc":{"start":{"line":34,"column":8},"end":{"line":36,"column":null}},"type":"if","locations":[{"start":{"line":34,"column":8},"end":{"line":36,"column":null}},{"start":{"line":34,"column":8},"end":{"line":36,"column":null}}]}},"s":{"0":6,"1":9,"2":9,"3":9,"4":9,"5":1,"6":1,"7":0,"8":1,"9":1,"10":1,"11":1,"12":4,"13":4,"14":0,"15":4,"16":4,"17":6,"18":1,"19":1,"20":6,"21":4},"f":{"0":6,"1":9,"2":1,"3":1,"4":1,"5":4,"6":4,"7":4,"8":6,"9":1},"b":{"0":[9,0],"1":[0,1],"2":[1,0],"3":[0,4]}}
,"C:\\Users\\karwo\\Desktop\\pdev\\prgoramowanie\\portfolio\\reactivexd\\src\\Observable.ts": {"path":"C:\\Users\\karwo\\Desktop\\pdev\\prgoramowanie\\portfolio\\reactivexd\\src\\Observable.ts","statementMap":{"0":{"start":{"line":1,"column":0},"end":{"line":1,"column":59}},"1":{"start":{"line":2,"column":0},"end":{"line":2,"column":45}},"2":{"start":{"line":5,"column":0},"end":{"line":5,"column":38}},"3":{"start":{"line":9,"column":12},"end":{"line":9,"column":31}},"4":{"start":{"line":10,"column":12},"end":{"line":10,"column":91}},"5":{"start":{"line":11,"column":12},"end":{"line":11,"column":28}},"6":{"start":{"line":15,"column":8},"end":{"line":15,"column":33}},"7":{"start":{"line":17,"column":8},"end":{"line":17,"column":79}},"8":{"start":{"line":17,"column":50},"end":{"line":17,"column":77}},"9":{"start":{"line":21,"column":8},"end":{"line":21,"column":88}},"10":{"start":{"line":25,"column":8},"end":{"line":25,"column":69}},"11":{"start":{"line":35,"column":8},"end":{"line":35,"column":31}},"12":{"start":{"line":37,"column":8},"end":{"line":39,"column":null}},"13":{"start":{"line":38,"column":12},"end":{"line":38,"column":53}},"14":{"start":{"line":43,"column":8},"end":{"line":43,"column":91}},"15":{"start":{"line":45,"column":8},"end":{"line":47,"column":null}},"16":{"start":{"line":46,"column":12},"end":{"line":46,"column":47}},"17":{"start":{"line":61,"column":8},"end":{"line":65,"column":10}},"18":{"start":{"line":62,"column":12},"end":{"line":62,"column":33}},"19":{"start":{"line":63,"column":12},"end":{"line":63,"column":47}},"20":{"start":{"line":64,"column":12},"end":{"line":64,"column":51}},"21":{"start":{"line":79,"column":8},"end":{"line":81,"column":10}},"22":{"start":{"line":80,"column":12},"end":{"line":80,"column":48}},"23":{"start":{"line":98,"column":27},"end":{"line":98,"column":59}},"24":{"start":{"line":99,"column":8},"end":{"line":99,"column":34}},"25":{"start":{"line":101,"column":8},"end":{"line":105,"column":10}},"26":{"start":{"line":8,"column":0},"end":{"line":8,"column":13}}},"fnMap":{"0":{"name":"(anonymous_0)","decl":{"start":{"line":14,"column":4},"end":{"line":14,"column":16}},"loc":{"start":{"line":14,"column":28},"end":{"line":18,"column":5}}},"1":{"name":"(anonymous_1)","decl":{"start":{"line":17,"column":44},"end":{"line":17,"column":47}},"loc":{"start":{"line":17,"column":50},"end":{"line":17,"column":77}}},"2":{"name":"(anonymous_2)","decl":{"start":{"line":20,"column":11},"end":{"line":20,"column":20}},"loc":{"start":{"line":20,"column":99},"end":{"line":22,"column":5}}},"3":{"name":"(anonymous_3)","decl":{"start":{"line":24,"column":11},"end":{"line":24,"column":15}},"loc":{"start":{"line":24,"column":51},"end":{"line":26,"column":5}}},"4":{"name":"(anonymous_4)","decl":{"start":{"line":34,"column":12},"end":{"line":34,"column":32}},"loc":{"start":{"line":34,"column":32},"end":{"line":40,"column":5}}},"5":{"name":"(anonymous_5)","decl":{"start":{"line":42,"column":12},"end":{"line":42,"column":25}},"loc":{"start":{"line":42,"column":46},"end":{"line":48,"column":5}}},"6":{"name":"(anonymous_6)","decl":{"start":{"line":60,"column":12},"end":{"line":60,"column":17}},"loc":{"start":{"line":60,"column":17},"end":{"line":66,"column":5}}},"7":{"name":"(anonymous_7)","decl":{"start":{"line":61,"column":15},"end":{"line":61,"column":18}},"loc":{"start":{"line":61,"column":20},"end":{"line":65,"column":9}}},"8":{"name":"(anonymous_8)","decl":{"start":{"line":78,"column":12},"end":{"line":78,"column":21}},"loc":{"start":{"line":78,"column":21},"end":{"line":82,"column":5}}},"9":{"name":"(anonymous_9)","decl":{"start":{"line":79,"column":15},"end":{"line":79,"column":16}},"loc":{"start":{"line":79,"column":26},"end":{"line":81,"column":9}}},"10":{"name":"(anonymous_10)","decl":{"start":{"line":97,"column":4},"end":{"line":97,"column":10}},"loc":{"start":{"line":97,"column":36},"end":{"line":106,"column":5}}}},"branchMap":{"0":{"loc":{"start":{"line":43,"column":31},"end":{"line":43,"column":57}},"type":"binary-expr","locations":[{"start":{"line":43,"column":31},"end":{"line":43,"column":57}},{"start":{"line":43,"column":61},"end":{"line":43,"column":68}},{"start":{"line":43,"column":72},"end":{"line":43,"column":78}}]},"1":{"loc":{"start":{"line":45,"column":8},"end":{"line":47,"column":null}},"type":"if","locations":[{"start":{"line":45,"column":8},"end":{"line":47,"column":null}},{"start":{"line":45,"column":8},"end":{"line":47,"column":null}}]},"2":{"loc":{"start":{"line":45,"column":12},"end":{"line":45,"column":25}},"type":"binary-expr","locations":[{"start":{"line":45,"column":12},"end":{"line":45,"column":25}},{"start":{"line":45,"column":29},"end":{"line":45,"column":54}}]}},"s":{"0":4,"1":4,"2":4,"3":6,"4":6,"5":6,"6":6,"7":6,"8":1,"9":1,"10":0,"11":1,"12":1,"13":1,"14":1,"15":1,"16":0,"17":1,"18":1,"19":1,"20":1,"21":1,"22":1,"23":1,"24":1,"25":1,"26":4},"f":{"0":6,"1":1,"2":1,"3":0,"4":1,"5":1,"6":1,"7":1,"8":1,"9":1,"10":1},"b":{"0":[1,0,1],"1":[0,1],"2":[1,0]}}
,"C:\\Users\\karwo\\Desktop\\pdev\\prgoramowanie\\portfolio\\reactivexd\\src\\ObservableWithPipe.ts": {"path":"C:\\Users\\karwo\\Desktop\\pdev\\prgoramowanie\\portfolio\\reactivexd\\src\\ObservableWithPipe.ts","statementMap":{"0":{"start":{"line":4,"column":0},"end":{"line":4,"column":38}},"1":{"start":{"line":9,"column":16},"end":{"line":9,"column":87}},"2":{"start":{"line":10,"column":16},"end":{"line":10,"column":49}},"3":{"start":{"line":14,"column":8},"end":{"line":14,"column":115}},"4":{"start":{"line":7,"column":0},"end":{"line":7,"column":13}}},"fnMap":{"0":{"name":"(anonymous_0)","decl":{"start":{"line":8,"column":4},"end":{"line":8,"column":null}},"loc":{"start":{"line":10,"column":49},"end":{"line":11,"column":9}}},"1":{"name":"(anonymous_1)","decl":{"start":{"line":13,"column":11},"end":{"line":13,"column":20}},"loc":{"start":{"line":13,"column":99},"end":{"line":15,"column":5}}}},"branchMap":{},"s":{"0":4,"1":0,"2":0,"3":0,"4":4},"f":{"0":0,"1":0},"b":{}}
,"C:\\Users\\karwo\\Desktop\\pdev\\prgoramowanie\\portfolio\\reactivexd\\src\\Observer.ts": {"path":"C:\\Users\\karwo\\Desktop\\pdev\\prgoramowanie\\portfolio\\reactivexd\\src\\Observer.ts","statementMap":{"0":{"start":{"line":4,"column":0},"end":{"line":4,"column":43}},"1":{"start":{"line":11,"column":12},"end":{"line":11,"column":62}},"2":{"start":{"line":17,"column":8},"end":{"line":17,"column":35}},"3":{"start":{"line":18,"column":8},"end":{"line":18,"column":41}},"4":{"start":{"line":20,"column":8},"end":{"line":20,"column":95}},"5":{"start":{"line":20,"column":47},"end":{"line":20,"column":92}},"6":{"start":{"line":21,"column":8},"end":{"line":21,"column":62}},"7":{"start":{"line":21,"column":49},"end":{"line":21,"column":59}},"8":{"start":{"line":22,"column":8},"end":{"line":22,"column":49}},"9":{"start":{"line":24,"column":8},"end":{"line":24,"column":80}},"10":{"start":{"line":24,"column":46},"end":{"line":24,"column":78}},"11":{"start":{"line":26,"column":8},"end":{"line":26,"column":39}},"12":{"start":{"line":30,"column":8},"end":{"line":30,"column":92}},"13":{"start":{"line":30,"column":46},"end":{"line":30,"column":90}},"14":{"start":{"line":7,"column":0},"end":{"line":7,"column":13}}},"fnMap":{"0":{"name":"(anonymous_0)","decl":{"start":{"line":13,"column":4},"end":{"line":13,"column":null}},"loc":{"start":{"line":15,"column":127},"end":{"line":27,"column":5}}},"1":{"name":"(anonymous_1)","decl":{"start":{"line":15,"column":17},"end":{"line":15,"column":18}},"loc":{"start":{"line":15,"column":29},"end":{"line":15,"column":32}}},"2":{"name":"(anonymous_2)","decl":{"start":{"line":15,"column":42},"end":{"line":15,"column":43}},"loc":{"start":{"line":15,"column":54},"end":{"line":15,"column":57}}},"3":{"name":"(anonymous_3)","decl":{"start":{"line":15,"column":70},"end":{"line":15,"column":73}},"loc":{"start":{"line":15,"column":75},"end":{"line":15,"column":78}}},"4":{"name":"(anonymous_4)","decl":{"start":{"line":20,"column":34},"end":{"line":20,"column":35}},"loc":{"start":{"line":20,"column":47},"end":{"line":20,"column":92}}},"5":{"name":"(anonymous_5)","decl":{"start":{"line":21,"column":35},"end":{"line":21,"column":36}},"loc":{"start":{"line":21,"column":49},"end":{"line":21,"column":59}}},"6":{"name":"(anonymous_6)","decl":{"start":{"line":24,"column":28},"end":{"line":24,"column":29}},"loc":{"start":{"line":24,"column":46},"end":{"line":24,"column":78}}},"7":{"name":"(anonymous_7)","decl":{"start":{"line":29,"column":4},"end":{"line":29,"column":15}},"loc":{"start":{"line":29,"column":15},"end":{"line":31,"column":5}}},"8":{"name":"(anonymous_8)","decl":{"start":{"line":30,"column":28},"end":{"line":30,"column":29}},"loc":{"start":{"line":30,"column":46},"end":{"line":30,"column":90}}}},"branchMap":{"0":{"loc":{"start":{"line":15,"column":17},"end":{"line":15,"column":32}},"type":"default-arg","locations":[{"start":{"line":15,"column":17},"end":{"line":15,"column":32}}]},"1":{"loc":{"start":{"line":15,"column":42},"end":{"line":15,"column":57}},"type":"default-arg","locations":[{"start":{"line":15,"column":42},"end":{"line":15,"column":57}}]},"2":{"loc":{"start":{"line":15,"column":70},"end":{"line":15,"column":78}},"type":"default-arg","locations":[{"start":{"line":15,"column":70},"end":{"line":15,"column":78}}]},"3":{"loc":{"start":{"line":15,"column":106},"end":{"line":15,"column":108}},"type":"default-arg","locations":[{"start":{"line":15,"column":106},"end":{"line":15,"column":108}}]}},"s":{"0":4,"1":1,"2":1,"3":1,"4":1,"5":2,"6":1,"7":0,"8":1,"9":1,"10":3,"11":1,"12":0,"13":0,"14":4},"f":{"0":1,"1":0,"2":0,"3":0,"4":2,"5":0,"6":3,"7":0,"8":0},"b":{"0":[0],"1":[0],"2":[0],"3":[1]}}
,"C:\\Users\\karwo\\Desktop\\pdev\\prgoramowanie\\portfolio\\reactivexd\\src\\Subject.ts": {"path":"C:\\Users\\karwo\\Desktop\\pdev\\prgoramowanie\\portfolio\\reactivexd\\src\\Subject.ts","statementMap":{"0":{"start":{"line":1,"column":0},"end":{"line":1,"column":42}},"1":{"start":{"line":17,"column":12},"end":{"line":17,"column":28}},"2":{"start":{"line":18,"column":12},"end":{"line":18,"column":55}},"3":{"start":{"line":21,"column":8},"end":{"line":21,"column":28}},"4":{"start":{"line":22,"column":8},"end":{"line":22,"column":36}},"5":{"start":{"line":26,"column":8},"end":{"line":28,"column":null}},"6":{"start":{"line":27,"column":12},"end":{"line":27,"column":49}},"7":{"start":{"line":30,"column":8},"end":{"line":30,"column":88}},"8":{"start":{"line":30,"column":48},"end":{"line":30,"column":85}},"9":{"start":{"line":34,"column":8},"end":{"line":36,"column":null}},"10":{"start":{"line":35,"column":12},"end":{"line":35,"column":48}},"11":{"start":{"line":38,"column":8},"end":{"line":38,"column":29}},"12":{"start":{"line":39,"column":8},"end":{"line":39,"column":90}},"13":{"start":{"line":39,"column":49},"end":{"line":39,"column":87}},"14":{"start":{"line":43,"column":44},"end":{"line":43,"column":81}},"15":{"start":{"line":45,"column":8},"end":{"line":45,"column":47}},"16":{"start":{"line":47,"column":8},"end":{"line":47,"column":26}},"17":{"start":{"line":15,"column":0},"end":{"line":15,"column":13}}},"fnMap":{"0":{"name":"(anonymous_0)","decl":{"start":{"line":20,"column":4},"end":{"line":20,"column":16}},"loc":{"start":{"line":20,"column":28},"end":{"line":23,"column":5}}},"1":{"name":"(anonymous_1)","decl":{"start":{"line":25,"column":11},"end":{"line":25,"column":15}},"loc":{"start":{"line":25,"column":20},"end":{"line":31,"column":5}}},"2":{"name":"(anonymous_2)","decl":{"start":{"line":30,"column":33},"end":{"line":30,"column":34}},"loc":{"start":{"line":30,"column":48},"end":{"line":30,"column":85}}},"3":{"name":"(anonymous_3)","decl":{"start":{"line":33,"column":11},"end":{"line":33,"column":19}},"loc":{"start":{"line":33,"column":19},"end":{"line":40,"column":5}}},"4":{"name":"(anonymous_4)","decl":{"start":{"line":39,"column":33},"end":{"line":39,"column":34}},"loc":{"start":{"line":39,"column":49},"end":{"line":39,"column":87}}},"5":{"name":"(anonymous_5)","decl":{"start":{"line":42,"column":11},"end":{"line":42,"column":23}},"loc":{"start":{"line":42,"column":23},"end":{"line":48,"column":5}}}},"branchMap":{"0":{"loc":{"start":{"line":26,"column":8},"end":{"line":28,"column":null}},"type":"if","locations":[{"start":{"line":26,"column":8},"end":{"line":28,"column":null}},{"start":{"line":26,"column":8},"end":{"line":28,"column":null}}]},"1":{"loc":{"start":{"line":30,"column":48},"end":{"line":30,"column":74}},"type":"binary-expr","locations":[{"start":{"line":30,"column":48},"end":{"line":30,"column":74}},{"start":{"line":30,"column":78},"end":{"line":30,"column":85}}]},"2":{"loc":{"start":{"line":34,"column":8},"end":{"line":36,"column":null}},"type":"if","locations":[{"start":{"line":34,"column":8},"end":{"line":36,"column":null}},{"start":{"line":34,"column":8},"end":{"line":36,"column":null}}]},"3":{"loc":{"start":{"line":39,"column":49},"end":{"line":39,"column":76}},"type":"binary-expr","locations":[{"start":{"line":39,"column":49},"end":{"line":39,"column":76}},{"start":{"line":39,"column":80},"end":{"line":39,"column":87}}]}},"s":{"0":4,"1":1,"2":1,"3":1,"4":1,"5":1,"6":0,"7":1,"8":1,"9":1,"10":0,"11":1,"12":1,"13":1,"14":1,"15":1,"16":1,"17":4},"f":{"0":1,"1":1,"2":1,"3":1,"4":1,"5":1},"b":{"0":[0,1],"1":[1,1],"2":[0,1],"3":[1,1]}}
,"C:\\Users\\karwo\\Desktop\\pdev\\prgoramowanie\\portfolio\\reactivexd\\src\\index.ts": {"path":"C:\\Users\\karwo\\Desktop\\pdev\\prgoramowanie\\portfolio\\reactivexd\\src\\index.ts","statementMap":{"0":{"start":{"line":1,"column":0},"end":{"line":1,"column":9}},"1":{"start":{"line":1,"column":9},"end":{"line":1,"column":38}},"2":{"start":{"line":2,"column":0},"end":{"line":2,"column":9}},"3":{"start":{"line":2,"column":9},"end":{"line":2,"column":59}},"4":{"start":{"line":3,"column":0},"end":{"line":3,"column":9}},"5":{"start":{"line":3,"column":9},"end":{"line":3,"column":42}},"6":{"start":{"line":4,"column":0},"end":{"line":4,"column":9}},"7":{"start":{"line":4,"column":9},"end":{"line":4,"column":36}},"8":{"start":{"line":6,"column":0},"end":{"line":6,"column":50}}},"fnMap":{"0":{"name":"(anonymous_6)","decl":{"start":{"line":1,"column":9},"end":{"line":1,"column":17}},"loc":{"start":{"line":1,"column":9},"end":{"line":1,"column":38}}},"1":{"name":"(anonymous_7)","decl":{"start":{"line":2,"column":9},"end":{"line":2,"column":28}},"loc":{"start":{"line":2,"column":9},"end":{"line":2,"column":59}}},"2":{"name":"(anonymous_8)","decl":{"start":{"line":3,"column":9},"end":{"line":3,"column":19}},"loc":{"start":{"line":3,"column":9},"end":{"line":3,"column":42}}},"3":{"name":"(anonymous_9)","decl":{"start":{"line":4,"column":9},"end":{"line":4,"column":16}},"loc":{"start":{"line":4,"column":9},"end":{"line":4,"column":36}}}},"branchMap":{},"s":{"0":3,"1":3,"2":3,"3":3,"4":3,"5":8,"6":3,"7":3,"8":3},"f":{"0":0,"1":0,"2":5,"3":0},"b":{}}
,"C:\\Users\\karwo\\Desktop\\pdev\\prgoramowanie\\portfolio\\reactivexd\\src\\pipeline-operators\\index.ts": {"path":"C:\\Users\\karwo\\Desktop\\pdev\\prgoramowanie\\portfolio\\reactivexd\\src\\pipeline-operators\\index.ts","statementMap":{"0":{"start":{"line":1,"column":0},"end":{"line":1,"column":9}},"1":{"start":{"line":6,"column":4},"end":{"line":1,"column":28}},"2":{"start":{"line":2,"column":0},"end":{"line":2,"column":9}},"3":{"start":{"line":7,"column":4},"end":{"line":2,"column":28}},"4":{"start":{"line":3,"column":0},"end":{"line":3,"column":9}},"5":{"start":{"line":8,"column":4},"end":{"line":3,"column":30}}},"fnMap":{"0":{"name":"(anonymous_0)","decl":{"start":{"line":6,"column":4},"end":{"line":6,"column":7}},"loc":{"start":{"line":6,"column":4},"end":{"line":1,"column":28}}},"1":{"name":"(anonymous_1)","decl":{"start":{"line":7,"column":4},"end":{"line":7,"column":7}},"loc":{"start":{"line":7,"column":4},"end":{"line":2,"column":28}}},"2":{"name":"(anonymous_2)","decl":{"start":{"line":8,"column":4},"end":{"line":8,"column":8}},"loc":{"start":{"line":8,"column":4},"end":{"line":3,"column":30}}}},"branchMap":{},"s":{"0":3,"1":3,"2":3,"3":3,"4":3,"5":3},"f":{"0":0,"1":0,"2":0},"b":{}}
,"C:\\Users\\karwo\\Desktop\\pdev\\prgoramowanie\\portfolio\\reactivexd\\src\\pipeline-operators\\map.ts": {"path":"C:\\Users\\karwo\\Desktop\\pdev\\prgoramowanie\\portfolio\\reactivexd\\src\\pipeline-operators\\map.ts","statementMap":{"0":{"start":{"line":2,"column":4},"end":{"line":4,"column":6}},"1":{"start":{"line":3,"column":8},"end":{"line":3,"column":21}},"2":{"start":{"line":1,"column":0},"end":{"line":1,"column":16}}},"fnMap":{"0":{"name":"map","decl":{"start":{"line":1,"column":16},"end":{"line":1,"column":19}},"loc":{"start":{"line":1,"column":40},"end":{"line":5,"column":1}}},"1":{"name":"(anonymous_1)","decl":{"start":{"line":2,"column":11},"end":{"line":2,"column":12}},"loc":{"start":{"line":2,"column":20},"end":{"line":4,"column":5}}}},"branchMap":{},"s":{"0":0,"1":0,"2":3},"f":{"0":0,"1":0},"b":{}}
,"C:\\Users\\karwo\\Desktop\\pdev\\prgoramowanie\\portfolio\\reactivexd\\src\\pipeline-operators\\tap.ts": {"path":"C:\\Users\\karwo\\Desktop\\pdev\\prgoramowanie\\portfolio\\reactivexd\\src\\pipeline-operators\\tap.ts","statementMap":{"0":{"start":{"line":2,"column":4},"end":{"line":5,"column":6}},"1":{"start":{"line":3,"column":8},"end":{"line":3,"column":14}},"2":{"start":{"line":4,"column":8},"end":{"line":4,"column":17}},"3":{"start":{"line":1,"column":0},"end":{"line":1,"column":16}}},"fnMap":{"0":{"name":"tap","decl":{"start":{"line":1,"column":16},"end":{"line":1,"column":19}},"loc":{"start":{"line":1,"column":41},"end":{"line":6,"column":1}}},"1":{"name":"(anonymous_1)","decl":{"start":{"line":2,"column":11},"end":{"line":2,"column":12}},"loc":{"start":{"line":2,"column":22},"end":{"line":5,"column":5}}}},"branchMap":{},"s":{"0":0,"1":0,"2":0,"3":3},"f":{"0":0,"1":0},"b":{}}
,"C:\\Users\\karwo\\Desktop\\pdev\\prgoramowanie\\portfolio\\reactivexd\\src\\pipeline-operators\\wait.ts": {"path":"C:\\Users\\karwo\\Desktop\\pdev\\prgoramowanie\\portfolio\\reactivexd\\src\\pipeline-operators\\wait.ts","statementMap":{"0":{"start":{"line":1,"column":0},"end":{"line":1,"column":44}},"1":{"start":{"line":4,"column":4},"end":{"line":8,"column":6}},"2":{"start":{"line":5,"column":8},"end":{"line":5,"column":26}},"3":{"start":{"line":7,"column":8},"end":{"line":7,"column":17}},"4":{"start":{"line":3,"column":0},"end":{"line":3,"column":16}}},"fnMap":{"0":{"name":"wait","decl":{"start":{"line":3,"column":16},"end":{"line":3,"column":20}},"loc":{"start":{"line":3,"column":33},"end":{"line":9,"column":1}}},"1":{"name":"(anonymous_1)","decl":{"start":{"line":4,"column":11},"end":{"line":4,"column":16}},"loc":{"start":{"line":4,"column":28},"end":{"line":8,"column":5}}}},"branchMap":{},"s":{"0":3,"1":0,"2":0,"3":0,"4":3},"f":{"0":0,"1":0},"b":{}}
,"C:\\Users\\karwo\\Desktop\\pdev\\prgoramowanie\\portfolio\\reactivexd\\src\\utils\\async-for-each.util.ts": {"path":"C:\\Users\\karwo\\Desktop\\pdev\\prgoramowanie\\portfolio\\reactivexd\\src\\utils\\async-for-each.util.ts","statementMap":{"0":{"start":{"line":1,"column":13},"end":{"line":5,"column":2}},"1":{"start":{"line":2,"column":4},"end":{"line":4,"column":null}},"2":{"start":{"line":2,"column":17},"end":{"line":2,"column":18}},"3":{"start":{"line":2,"column":24},"end":{"line":2,"column":39}},"4":{"start":{"line":3,"column":8},"end":{"line":3,"column":60}}},"fnMap":{"0":{"name":"(anonymous_0)","decl":{"start":{"line":1,"column":28},"end":{"line":1,"column":33}},"loc":{"start":{"line":1,"column":108},"end":{"line":5,"column":1}}}},"branchMap":{},"s":{"0":4,"1":2,"2":2,"3":2,"4":2},"f":{"0":2},"b":{}}
,"C:\\Users\\karwo\\Desktop\\pdev\\prgoramowanie\\portfolio\\reactivexd\\src\\utils\\curry.util.ts": {"path":"C:\\Users\\karwo\\Desktop\\pdev\\prgoramowanie\\portfolio\\reactivexd\\src\\utils\\curry.util.ts","statementMap":{"0":{"start":{"line":1,"column":0},"end":{"line":1,"column":53}},"1":{"start":{"line":3,"column":13},"end":{"line":15,"column":2}},"2":{"start":{"line":3,"column":101},"end":{"line":15,"column":1}},"3":{"start":{"line":4,"column":4},"end":{"line":14,"column":null}},"4":{"start":{"line":5,"column":18},"end":{"line":5,"column":31}},"5":{"start":{"line":7,"column":8},"end":{"line":9,"column":11}},"6":{"start":{"line":8,"column":12},"end":{"line":8,"column":32}},"7":{"start":{"line":11,"column":8},"end":{"line":11,"column":19}},"8":{"start":{"line":13,"column":8},"end":{"line":13,"column":30}},"9":{"start":{"line":17,"column":16},"end":{"line":17,"column":41}},"10":{"start":{"line":17,"column":34},"end":{"line":17,"column":41}}},"fnMap":{"0":{"name":"(anonymous_0)","decl":{"start":{"line":3,"column":21},"end":{"line":3,"column":22}},"loc":{"start":{"line":3,"column":101},"end":{"line":15,"column":1}}},"1":{"name":"(anonymous_1)","decl":{"start":{"line":3,"column":101},"end":{"line":3,"column":106}},"loc":{"start":{"line":3,"column":124},"end":{"line":15,"column":1}}},"2":{"name":"(anonymous_2)","decl":{"start":{"line":7,"column":34},"end":{"line":7,"column":39}},"loc":{"start":{"line":7,"column":45},"end":{"line":9,"column":9}}},"3":{"name":"(anonymous_3)","decl":{"start":{"line":17,"column":16},"end":{"line":17,"column":21}},"loc":{"start":{"line":17,"column":34},"end":{"line":17,"column":41}}}},"branchMap":{},"s":{"0":4,"1":4,"2":2,"3":2,"4":2,"5":2,"6":2,"7":2,"8":0,"9":4,"10":0},"f":{"0":2,"1":2,"2":2,"3":0},"b":{}}
,"C:\\Users\\karwo\\Desktop\\pdev\\prgoramowanie\\portfolio\\reactivexd\\src\\utils\\sleep.util.ts": {"path":"C:\\Users\\karwo\\Desktop\\pdev\\prgoramowanie\\portfolio\\reactivexd\\src\\utils\\sleep.util.ts","statementMap":{"0":{"start":{"line":1,"column":13},"end":{"line":1,"column":77}},"1":{"start":{"line":1,"column":39},"end":{"line":1,"column":76}},"2":{"start":{"line":1,"column":56},"end":{"line":1,"column":75}}},"fnMap":{"0":{"name":"(anonymous_0)","decl":{"start":{"line":1,"column":21},"end":{"line":1,"column":22}},"loc":{"start":{"line":1,"column":39},"end":{"line":1,"column":76}}},"1":{"name":"(anonymous_1)","decl":{"start":{"line":1,"column":51},"end":{"line":1,"column":52}},"loc":{"start":{"line":1,"column":56},"end":{"line":1,"column":75}}}},"branchMap":{},"s":{"0":3,"1":0,"2":0},"f":{"0":0,"1":0},"b":{}}
}
