TN:
SF:src\EvenEmmiter.ts
FN:4,(anonymous_0)
FN:7,(anonymous_1)
FN:13,(anonymous_2)
FN:16,(anonymous_3)
FN:27,(anonymous_4)
FN:28,(anonymous_5)
FN:33,(anonymous_6)
FN:38,(anonymous_7)
FN:41,(anonymous_8)
FN:42,(anonymous_9)
FNF:10
FNH:10
FNDA:6,(anonymous_0)
FNDA:9,(anonymous_1)
FNDA:1,(anonymous_2)
FNDA:1,(anonymous_3)
FNDA:1,(anonymous_4)
FNDA:4,(anonymous_5)
FNDA:4,(anonymous_6)
FNDA:4,(anonymous_7)
FNDA:6,(anonymous_8)
FNDA:1,(anonymous_9)
DA:4,4
DA:5,6
DA:8,9
DA:9,9
DA:12,9
DA:13,9
DA:17,1
DA:18,0
DA:21,1
DA:22,1
DA:23,1
DA:28,1
DA:29,4
DA:34,4
DA:35,0
DA:38,4
DA:42,6
DA:43,1
DA:44,1
DA:47,6
LF:20
LH:18
BRDA:8,0,0,9
BRDA:8,0,1,0
BRDA:17,1,0,0
BRDA:17,1,1,1
BRDA:22,2,0,1
BRDA:22,2,1,0
BRDA:34,3,0,0
BRDA:34,3,1,4
BRF:8
BRH:4
end_of_record
TN:
SF:src\Observable.ts
FN:14,(anonymous_0)
FN:17,(anonymous_1)
FN:20,(anonymous_2)
FN:24,(anonymous_3)
FN:34,(anonymous_4)
FN:42,(anonymous_5)
FN:60,(anonymous_6)
FN:61,(anonymous_7)
FN:78,(anonymous_8)
FN:79,(anonymous_9)
FN:97,(anonymous_10)
FNF:11
FNH:10
FNDA:6,(anonymous_0)
FNDA:1,(anonymous_1)
FNDA:1,(anonymous_2)
FNDA:0,(anonymous_3)
FNDA:1,(anonymous_4)
FNDA:1,(anonymous_5)
FNDA:1,(anonymous_6)
FNDA:1,(anonymous_7)
FNDA:1,(anonymous_8)
FNDA:1,(anonymous_9)
FNDA:1,(anonymous_10)
DA:1,4
DA:2,4
DA:5,4
DA:8,4
DA:9,6
DA:10,6
DA:11,6
DA:15,6
DA:17,6
DA:21,1
DA:25,0
DA:35,1
DA:37,1
DA:38,1
DA:43,1
DA:45,1
DA:46,0
DA:61,1
DA:62,1
DA:63,1
DA:64,1
DA:79,1
DA:80,1
DA:98,1
DA:99,1
DA:101,1
LF:26
LH:24
BRDA:43,0,0,1
BRDA:43,0,1,0
BRDA:43,0,2,1
BRDA:45,1,0,0
BRDA:45,1,1,1
BRDA:45,2,0,1
BRDA:45,2,1,0
BRF:7
BRH:4
end_of_record
TN:
SF:src\ObservableWithPipe.ts
FN:8,(anonymous_0)
FN:13,(anonymous_1)
FNF:2
FNH:0
FNDA:0,(anonymous_0)
FNDA:0,(anonymous_1)
DA:4,4
DA:7,4
DA:9,0
DA:10,0
DA:14,0
LF:5
LH:2
BRF:0
BRH:0
end_of_record
TN:
SF:src\Observer.ts
FN:13,(anonymous_0)
FN:15,(anonymous_1)
FN:15,(anonymous_2)
FN:15,(anonymous_3)
FN:20,(anonymous_4)
FN:21,(anonymous_5)
FN:24,(anonymous_6)
FN:29,(anonymous_7)
FN:30,(anonymous_8)
FNF:9
FNH:3
FNDA:1,(anonymous_0)
FNDA:0,(anonymous_1)
FNDA:0,(anonymous_2)
FNDA:0,(anonymous_3)
FNDA:2,(anonymous_4)
FNDA:0,(anonymous_5)
FNDA:3,(anonymous_6)
FNDA:0,(anonymous_7)
FNDA:0,(anonymous_8)
DA:4,4
DA:7,4
DA:11,1
DA:17,1
DA:18,1
DA:20,2
DA:21,1
DA:22,1
DA:24,3
DA:26,1
DA:30,0
LF:11
LH:10
BRDA:15,0,0,0
BRDA:15,1,0,0
BRDA:15,2,0,0
BRDA:15,3,0,1
BRF:4
BRH:1
end_of_record
TN:
SF:src\Subject.ts
FN:20,(anonymous_0)
FN:25,(anonymous_1)
FN:30,(anonymous_2)
FN:33,(anonymous_3)
FN:39,(anonymous_4)
FN:42,(anonymous_5)
FNF:6
FNH:6
FNDA:1,(anonymous_0)
FNDA:1,(anonymous_1)
FNDA:1,(anonymous_2)
FNDA:1,(anonymous_3)
FNDA:1,(anonymous_4)
FNDA:1,(anonymous_5)
DA:1,4
DA:15,4
DA:17,1
DA:18,1
DA:21,1
DA:22,1
DA:26,1
DA:27,0
DA:30,1
DA:34,1
DA:35,0
DA:38,1
DA:39,1
DA:43,1
DA:45,1
DA:47,1
LF:16
LH:14
BRDA:26,0,0,0
BRDA:26,0,1,1
BRDA:30,1,0,1
BRDA:30,1,1,1
BRDA:34,2,0,0
BRDA:34,2,1,1
BRDA:39,3,0,1
BRDA:39,3,1,1
BRF:8
BRH:6
end_of_record
TN:
SF:src\index.ts
FN:1,(anonymous_6)
FN:2,(anonymous_7)
FN:3,(anonymous_8)
FN:4,(anonymous_9)
FNF:4
FNH:1
FNDA:0,(anonymous_6)
FNDA:0,(anonymous_7)
FNDA:5,(anonymous_8)
FNDA:0,(anonymous_9)
DA:1,3
DA:2,3
DA:3,8
DA:4,3
DA:6,3
LF:5
LH:5
BRF:0
BRH:0
end_of_record
TN:
SF:src\pipeline-operators\index.ts
FN:6,(anonymous_0)
FN:7,(anonymous_1)
FN:8,(anonymous_2)
FNF:3
FNH:0
FNDA:0,(anonymous_0)
FNDA:0,(anonymous_1)
FNDA:0,(anonymous_2)
DA:1,3
DA:2,3
DA:3,3
DA:6,3
DA:7,3
DA:8,3
LF:6
LH:6
BRF:0
BRH:0
end_of_record
TN:
SF:src\pipeline-operators\map.ts
FN:1,map
FN:2,(anonymous_1)
FNF:2
FNH:0
FNDA:0,map
FNDA:0,(anonymous_1)
DA:1,3
DA:2,0
DA:3,0
LF:3
LH:1
BRF:0
BRH:0
end_of_record
TN:
SF:src\pipeline-operators\tap.ts
FN:1,tap
FN:2,(anonymous_1)
FNF:2
FNH:0
FNDA:0,tap
FNDA:0,(anonymous_1)
DA:1,3
DA:2,0
DA:3,0
DA:4,0
LF:4
LH:1
BRF:0
BRH:0
end_of_record
TN:
SF:src\pipeline-operators\wait.ts
FN:3,wait
FN:4,(anonymous_1)
FNF:2
FNH:0
FNDA:0,wait
FNDA:0,(anonymous_1)
DA:1,3
DA:3,3
DA:4,0
DA:5,0
DA:7,0
LF:5
LH:2
BRF:0
BRH:0
end_of_record
TN:
SF:src\utils\async-for-each.util.ts
FN:1,(anonymous_0)
FNF:1
FNH:1
FNDA:2,(anonymous_0)
DA:1,4
DA:2,2
DA:3,2
LF:3
LH:3
BRF:0
BRH:0
end_of_record
TN:
SF:src\utils\curry.util.ts
FN:3,(anonymous_0)
FN:3,(anonymous_1)
FN:7,(anonymous_2)
FN:17,(anonymous_3)
FNF:4
FNH:3
FNDA:2,(anonymous_0)
FNDA:2,(anonymous_1)
FNDA:2,(anonymous_2)
FNDA:0,(anonymous_3)
DA:1,4
DA:3,4
DA:4,2
DA:5,2
DA:7,2
DA:8,2
DA:11,2
DA:13,0
DA:17,4
LF:9
LH:8
BRF:0
BRH:0
end_of_record
TN:
SF:src\utils\sleep.util.ts
FN:1,(anonymous_0)
FN:1,(anonymous_1)
FNF:2
FNH:0
FNDA:0,(anonymous_0)
FNDA:0,(anonymous_1)
DA:1,3
LF:1
LH:1
BRF:0
BRH:0
end_of_record
